2020-07-06 23:30:15.981  WARN 39523 --- [kground-preinit] o.s.h.c.j.Jackson2ObjectMapperBuilder    : For Jackson Kotlin classes support please add "com.fasterxml.jackson.module:jackson-module-kotlin" to the classpath

  .   ____          _            __ _ _
 /\\ / ___'_ __ _ _(_)_ __  __ _ \ \ \ \
( ( )\___ | '_ | '_| | '_ \/ _` | \ \ \ \
 \\/  ___)| |_)| | | | | || (_| |  ) ) ) )
  '  |____| .__|_| |_|_| |_\__, | / / / /
 =========|_|==============|___/=/_/_/_/
 :: Spring Boot ::        (v2.3.1.RELEASE)

2020-07-06 23:30:16.308  INFO 39523 --- [           main] c.s.u.provider.UserProviderApplication   : No active profile set, falling back to default profiles: default
2020-07-06 23:30:18.204  INFO 39523 --- [           main] o.s.cloud.context.scope.GenericScope     : BeanFactory id=0a380a77-037f-383e-b11c-d6657e97e670
2020-07-06 23:30:19.015  INFO 39523 --- [           main] o.s.b.w.embedded.tomcat.TomcatWebServer  : Tomcat initialized with port(s): 8087 (http)
2020-07-06 23:30:19.031  INFO 39523 --- [           main] o.apache.catalina.core.StandardService   : Starting service [Tomcat]
2020-07-06 23:30:19.031  INFO 39523 --- [           main] org.apache.catalina.core.StandardEngine  : Starting Servlet engine: [Apache Tomcat/9.0.36]
2020-07-06 23:30:19.211  INFO 39523 --- [           main] o.a.c.c.C.[Tomcat].[localhost].[/]       : Initializing Spring embedded WebApplicationContext
2020-07-06 23:30:19.211  INFO 39523 --- [           main] w.s.c.ServletWebServerApplicationContext : Root WebApplicationContext: initialization completed in 2855 ms
2020-07-06 23:30:19.345  WARN 39523 --- [           main] c.n.c.sources.URLConfigurationSource     : No URLs will be polled as dynamic configuration sources.
2020-07-06 23:30:19.345  INFO 39523 --- [           main] c.n.c.sources.URLConfigurationSource     : To enable URLs as dynamic configuration sources, define System property archaius.configurationSource.additionalUrls or make config.properties available on classpath.
2020-07-06 23:30:19.357  WARN 39523 --- [           main] c.n.c.sources.URLConfigurationSource     : No URLs will be polled as dynamic configuration sources.
2020-07-06 23:30:19.357  INFO 39523 --- [           main] c.n.c.sources.URLConfigurationSource     : To enable URLs as dynamic configuration sources, define System property archaius.configurationSource.additionalUrls or make config.properties available on classpath.
2020-07-06 23:30:20.037  INFO 39523 --- [           main] o.s.s.concurrent.ThreadPoolTaskExecutor  : Initializing ExecutorService 'applicationTaskExecutor'
2020-07-06 23:30:20.664  WARN 39523 --- [           main] ockingLoadBalancerClientRibbonWarnLogger : You already have RibbonLoadBalancerClient on your classpath. It will be used by default. As Spring Cloud Ribbon is in maintenance mode. We recommend switching to BlockingLoadBalancerClient instead. In order to use it, set the value of `spring.cloud.loadbalancer.ribbon.enabled` to `false` or remove spring-cloud-starter-netflix-ribbon from your project.
2020-07-06 23:30:20.816  INFO 39523 --- [           main] o.s.c.n.eureka.InstanceInfoFactory       : Setting initial instance status as: STARTING
2020-07-06 23:30:20.991  INFO 39523 --- [           main] com.netflix.discovery.DiscoveryClient    : Initializing Eureka in region us-east-1
2020-07-06 23:30:21.427  INFO 39523 --- [           main] c.n.d.provider.DiscoveryJerseyProvider   : Using JSON encoding codec LegacyJacksonJson
2020-07-06 23:30:21.427  INFO 39523 --- [           main] c.n.d.provider.DiscoveryJerseyProvider   : Using JSON decoding codec LegacyJacksonJson
2020-07-06 23:30:21.755  INFO 39523 --- [           main] c.n.d.provider.DiscoveryJerseyProvider   : Using XML encoding codec XStreamXml
2020-07-06 23:30:21.755  INFO 39523 --- [           main] c.n.d.provider.DiscoveryJerseyProvider   : Using XML decoding codec XStreamXml
2020-07-06 23:30:22.247  INFO 39523 --- [           main] c.n.d.s.r.aws.ConfigClusterResolver      : Resolving eureka endpoints via configuration
2020-07-06 23:30:22.287  INFO 39523 --- [           main] com.netflix.discovery.DiscoveryClient    : Disable delta property : false
2020-07-06 23:30:22.287  INFO 39523 --- [           main] com.netflix.discovery.DiscoveryClient    : Single vip registry refresh property : null
2020-07-06 23:30:22.287  INFO 39523 --- [           main] com.netflix.discovery.DiscoveryClient    : Force full registry fetch : false
2020-07-06 23:30:22.287  INFO 39523 --- [           main] com.netflix.discovery.DiscoveryClient    : Application is null : false
2020-07-06 23:30:22.287  INFO 39523 --- [           main] com.netflix.discovery.DiscoveryClient    : Registered Applications size is zero : true
2020-07-06 23:30:22.287  INFO 39523 --- [           main] com.netflix.discovery.DiscoveryClient    : Application version is -1: true
2020-07-06 23:30:22.287  INFO 39523 --- [           main] com.netflix.discovery.DiscoveryClient    : Getting all instance registry info from the eureka server
2020-07-06 23:30:22.708  INFO 39523 --- [           main] com.netflix.discovery.DiscoveryClient    : The response status is 200
2020-07-06 23:30:22.712  INFO 39523 --- [           main] com.netflix.discovery.DiscoveryClient    : Starting heartbeat executor: renew interval is: 30
2020-07-06 23:30:22.716  INFO 39523 --- [           main] c.n.discovery.InstanceInfoReplicator     : InstanceInfoReplicator onDemand update allowed rate per min is 4
2020-07-06 23:30:22.722  INFO 39523 --- [           main] com.netflix.discovery.DiscoveryClient    : Discovery Client initialized at timestamp 1594049422720 with initial instances count: 6
2020-07-06 23:30:22.724  INFO 39523 --- [           main] o.s.c.n.e.s.EurekaServiceRegistry        : Registering application USER-PROVIDER with eureka with status UP
2020-07-06 23:30:22.724  INFO 39523 --- [           main] com.netflix.discovery.DiscoveryClient    : Saw local status change event StatusChangeEvent [timestamp=1594049422724, current=UP, previous=STARTING]
2020-07-06 23:30:22.727  INFO 39523 --- [nfoReplicator-0] com.netflix.discovery.DiscoveryClient    : DiscoveryClient_USER-PROVIDER/192.168.31.180:user-provider:8087: registering service...
2020-07-06 23:30:22.767  INFO 39523 --- [nfoReplicator-0] com.netflix.discovery.DiscoveryClient    : DiscoveryClient_USER-PROVIDER/192.168.31.180:user-provider:8087 - registration status: 204
2020-07-06 23:30:22.791  INFO 39523 --- [           main] o.s.b.w.embedded.tomcat.TomcatWebServer  : Tomcat started on port(s): 8087 (http) with context path ''
2020-07-06 23:30:22.792  INFO 39523 --- [           main] .s.c.n.e.s.EurekaAutoServiceRegistration : Updating port to 8087
2020-07-06 23:30:22.811  INFO 39523 --- [           main] c.s.u.provider.UserProviderApplication   : Started UserProviderApplication in 9.579 seconds (JVM running for 10.879)
2020-07-06 23:32:17.518  INFO 39523 --- [nio-8087-exec-1] o.a.c.c.C.[Tomcat].[localhost].[/]       : Initializing Spring DispatcherServlet 'dispatcherServlet'
2020-07-06 23:32:17.519  INFO 39523 --- [nio-8087-exec-1] o.s.web.servlet.DispatcherServlet        : Initializing Servlet 'dispatcherServlet'
2020-07-06 23:32:17.538  INFO 39523 --- [nio-8087-exec-1] o.s.web.servlet.DispatcherServlet        : Completed initialization in 19 ms
=============id3
=============id3
=============id3
=============id3
=============id3
=============id3
=============id3
=============id3
=============id3
=============id3
=============id3
=============id3
=============id3
=============id3
=============id3
=============id3
id:3 set name:1111
id:3 set name:1111
id:3 set name:1111
id:3 set name:1111
id:3 set name:1111
=============id3
=============id3
=============id3
=============id3
