2020-07-06 01:08:20.684  WARN 36392 --- [kground-preinit] o.s.h.c.j.Jackson2ObjectMapperBuilder    : For Jackson Kotlin classes support please add "com.fasterxml.jackson.module:jackson-module-kotlin" to the classpath

  .   ____          _            __ _ _
 /\\ / ___'_ __ _ _(_)_ __  __ _ \ \ \ \
( ( )\___ | '_ | '_| | '_ \/ _` | \ \ \ \
 \\/  ___)| |_)| | | | | || (_| |  ) ) ) )
  '  |____| .__|_| |_|_| |_\__, | / / / /
 =========|_|==============|___/=/_/_/_/
 :: Spring Boot ::        (v2.3.1.RELEASE)

2020-07-06 01:08:20.937  INFO 36392 --- [           main] c.s.u.provider.UserProviderApplication   : No active profile set, falling back to default profiles: default
2020-07-06 01:08:23.250  INFO 36392 --- [           main] o.s.cloud.context.scope.GenericScope     : BeanFactory id=0a380a77-037f-383e-b11c-d6657e97e670
2020-07-06 01:08:24.138  INFO 36392 --- [           main] o.s.b.w.embedded.tomcat.TomcatWebServer  : Tomcat initialized with port(s): 8088 (http)
2020-07-06 01:08:24.154  INFO 36392 --- [           main] o.apache.catalina.core.StandardService   : Starting service [Tomcat]
2020-07-06 01:08:24.154  INFO 36392 --- [           main] org.apache.catalina.core.StandardEngine  : Starting Servlet engine: [Apache Tomcat/9.0.36]
2020-07-06 01:08:24.296  INFO 36392 --- [           main] o.a.c.c.C.[Tomcat].[localhost].[/]       : Initializing Spring embedded WebApplicationContext
2020-07-06 01:08:24.297  INFO 36392 --- [           main] w.s.c.ServletWebServerApplicationContext : Root WebApplicationContext: initialization completed in 3318 ms
2020-07-06 01:08:24.478  WARN 36392 --- [           main] c.n.c.sources.URLConfigurationSource     : No URLs will be polled as dynamic configuration sources.
2020-07-06 01:08:24.478  INFO 36392 --- [           main] c.n.c.sources.URLConfigurationSource     : To enable URLs as dynamic configuration sources, define System property archaius.configurationSource.additionalUrls or make config.properties available on classpath.
2020-07-06 01:08:24.495  WARN 36392 --- [           main] c.n.c.sources.URLConfigurationSource     : No URLs will be polled as dynamic configuration sources.
2020-07-06 01:08:24.495  INFO 36392 --- [           main] c.n.c.sources.URLConfigurationSource     : To enable URLs as dynamic configuration sources, define System property archaius.configurationSource.additionalUrls or make config.properties available on classpath.
2020-07-06 01:08:25.446  INFO 36392 --- [           main] o.s.s.concurrent.ThreadPoolTaskExecutor  : Initializing ExecutorService 'applicationTaskExecutor'
2020-07-06 01:08:26.195  WARN 36392 --- [           main] ockingLoadBalancerClientRibbonWarnLogger : You already have RibbonLoadBalancerClient on your classpath. It will be used by default. As Spring Cloud Ribbon is in maintenance mode. We recommend switching to BlockingLoadBalancerClient instead. In order to use it, set the value of `spring.cloud.loadbalancer.ribbon.enabled` to `false` or remove spring-cloud-starter-netflix-ribbon from your project.
2020-07-06 01:08:26.357  INFO 36392 --- [           main] o.s.c.n.eureka.InstanceInfoFactory       : Setting initial instance status as: STARTING
2020-07-06 01:08:26.563  INFO 36392 --- [           main] com.netflix.discovery.DiscoveryClient    : Initializing Eureka in region us-east-1
2020-07-06 01:08:26.994  INFO 36392 --- [           main] c.n.d.provider.DiscoveryJerseyProvider   : Using JSON encoding codec LegacyJacksonJson
2020-07-06 01:08:26.994  INFO 36392 --- [           main] c.n.d.provider.DiscoveryJerseyProvider   : Using JSON decoding codec LegacyJacksonJson
2020-07-06 01:08:27.430  INFO 36392 --- [           main] c.n.d.provider.DiscoveryJerseyProvider   : Using XML encoding codec XStreamXml
2020-07-06 01:08:27.430  INFO 36392 --- [           main] c.n.d.provider.DiscoveryJerseyProvider   : Using XML decoding codec XStreamXml
2020-07-06 01:08:27.936  INFO 36392 --- [           main] c.n.d.s.r.aws.ConfigClusterResolver      : Resolving eureka endpoints via configuration
2020-07-06 01:08:27.968  INFO 36392 --- [           main] com.netflix.discovery.DiscoveryClient    : Disable delta property : false
2020-07-06 01:08:27.968  INFO 36392 --- [           main] com.netflix.discovery.DiscoveryClient    : Single vip registry refresh property : null
2020-07-06 01:08:27.968  INFO 36392 --- [           main] com.netflix.discovery.DiscoveryClient    : Force full registry fetch : false
2020-07-06 01:08:27.968  INFO 36392 --- [           main] com.netflix.discovery.DiscoveryClient    : Application is null : false
2020-07-06 01:08:27.968  INFO 36392 --- [           main] com.netflix.discovery.DiscoveryClient    : Registered Applications size is zero : true
2020-07-06 01:08:27.968  INFO 36392 --- [           main] com.netflix.discovery.DiscoveryClient    : Application version is -1: true
2020-07-06 01:08:27.968  INFO 36392 --- [           main] com.netflix.discovery.DiscoveryClient    : Getting all instance registry info from the eureka server
2020-07-06 01:08:28.267  INFO 36392 --- [           main] com.netflix.discovery.DiscoveryClient    : The response status is 200
2020-07-06 01:08:28.273  INFO 36392 --- [           main] com.netflix.discovery.DiscoveryClient    : Starting heartbeat executor: renew interval is: 30
2020-07-06 01:08:28.277  INFO 36392 --- [           main] c.n.discovery.InstanceInfoReplicator     : InstanceInfoReplicator onDemand update allowed rate per min is 4
2020-07-06 01:08:28.282  INFO 36392 --- [           main] com.netflix.discovery.DiscoveryClient    : Discovery Client initialized at timestamp 1593968908281 with initial instances count: 7
2020-07-06 01:08:28.284  INFO 36392 --- [           main] o.s.c.n.e.s.EurekaServiceRegistry        : Registering application USER-PROVIDER with eureka with status UP
2020-07-06 01:08:28.284  INFO 36392 --- [           main] com.netflix.discovery.DiscoveryClient    : Saw local status change event StatusChangeEvent [timestamp=1593968908284, current=UP, previous=STARTING]
2020-07-06 01:08:28.286  INFO 36392 --- [nfoReplicator-0] com.netflix.discovery.DiscoveryClient    : DiscoveryClient_USER-PROVIDER/192.168.31.180:user-provider:8088: registering service...
2020-07-06 01:08:28.320  INFO 36392 --- [nfoReplicator-0] com.netflix.discovery.DiscoveryClient    : DiscoveryClient_USER-PROVIDER/192.168.31.180:user-provider:8088 - registration status: 204
2020-07-06 01:08:28.331  INFO 36392 --- [           main] o.s.b.w.embedded.tomcat.TomcatWebServer  : Tomcat started on port(s): 8088 (http) with context path ''
2020-07-06 01:08:28.332  INFO 36392 --- [           main] .s.c.n.e.s.EurekaAutoServiceRegistration : Updating port to 8088
2020-07-06 01:08:28.357  INFO 36392 --- [           main] c.s.u.provider.UserProviderApplication   : Started UserProviderApplication in 10.279 seconds (JVM running for 11.438)
2020-07-06 01:08:59.927  INFO 36392 --- [nio-8088-exec-1] o.a.c.c.C.[Tomcat].[localhost].[/]       : Initializing Spring DispatcherServlet 'dispatcherServlet'
2020-07-06 01:08:59.928  INFO 36392 --- [nio-8088-exec-1] o.s.web.servlet.DispatcherServlet        : Initializing Servlet 'dispatcherServlet'
2020-07-06 01:08:59.940  INFO 36392 --- [nio-8088-exec-1] o.s.web.servlet.DispatcherServlet        : Completed initialization in 12 ms
2020-07-06 01:13:27.980  INFO 36392 --- [trap-executor-0] c.n.d.s.r.aws.ConfigClusterResolver      : Resolving eureka endpoints via configuration
2020-07-06 01:18:28.007  INFO 36392 --- [trap-executor-0] c.n.d.s.r.aws.ConfigClusterResolver      : Resolving eureka endpoints via configuration
2020-07-06 01:23:28.017  INFO 36392 --- [trap-executor-0] c.n.d.s.r.aws.ConfigClusterResolver      : Resolving eureka endpoints via configuration
2020-07-06 01:28:28.037  INFO 36392 --- [trap-executor-0] c.n.d.s.r.aws.ConfigClusterResolver      : Resolving eureka endpoints via configuration
2020-07-06 01:33:28.047  INFO 36392 --- [trap-executor-0] c.n.d.s.r.aws.ConfigClusterResolver      : Resolving eureka endpoints via configuration
2020-07-06 01:38:28.058  INFO 36392 --- [trap-executor-0] c.n.d.s.r.aws.ConfigClusterResolver      : Resolving eureka endpoints via configuration
2020-07-06 01:43:28.076  INFO 36392 --- [trap-executor-0] c.n.d.s.r.aws.ConfigClusterResolver      : Resolving eureka endpoints via configuration
2020-07-06 01:48:28.091  INFO 36392 --- [trap-executor-0] c.n.d.s.r.aws.ConfigClusterResolver      : Resolving eureka endpoints via configuration
