2020-07-06 01:08:20.644  WARN 36393 --- [kground-preinit] o.s.h.c.j.Jackson2ObjectMapperBuilder    : For Jackson Kotlin classes support please add "com.fasterxml.jackson.module:jackson-module-kotlin" to the classpath

  .   ____          _            __ _ _
 /\\ / ___'_ __ _ _(_)_ __  __ _ \ \ \ \
( ( )\___ | '_ | '_| | '_ \/ _` | \ \ \ \
 \\/  ___)| |_)| | | | | || (_| |  ) ) ) )
  '  |____| .__|_| |_|_| |_\__, | / / / /
 =========|_|==============|___/=/_/_/_/
 :: Spring Boot ::        (v2.3.1.RELEASE)

2020-07-06 01:08:20.880  INFO 36393 --- [           main] c.s.u.provider.UserProviderApplication   : No active profile set, falling back to default profiles: default
2020-07-06 01:08:23.228  INFO 36393 --- [           main] o.s.cloud.context.scope.GenericScope     : BeanFactory id=0a380a77-037f-383e-b11c-d6657e97e670
2020-07-06 01:08:24.154  INFO 36393 --- [           main] o.s.b.w.embedded.tomcat.TomcatWebServer  : Tomcat initialized with port(s): 8089 (http)
2020-07-06 01:08:24.167  INFO 36393 --- [           main] o.apache.catalina.core.StandardService   : Starting service [Tomcat]
2020-07-06 01:08:24.167  INFO 36393 --- [           main] org.apache.catalina.core.StandardEngine  : Starting Servlet engine: [Apache Tomcat/9.0.36]
2020-07-06 01:08:24.314  INFO 36393 --- [           main] o.a.c.c.C.[Tomcat].[localhost].[/]       : Initializing Spring embedded WebApplicationContext
2020-07-06 01:08:24.314  INFO 36393 --- [           main] w.s.c.ServletWebServerApplicationContext : Root WebApplicationContext: initialization completed in 3374 ms
2020-07-06 01:08:24.495  WARN 36393 --- [           main] c.n.c.sources.URLConfigurationSource     : No URLs will be polled as dynamic configuration sources.
2020-07-06 01:08:24.495  INFO 36393 --- [           main] c.n.c.sources.URLConfigurationSource     : To enable URLs as dynamic configuration sources, define System property archaius.configurationSource.additionalUrls or make config.properties available on classpath.
2020-07-06 01:08:24.521  WARN 36393 --- [           main] c.n.c.sources.URLConfigurationSource     : No URLs will be polled as dynamic configuration sources.
2020-07-06 01:08:24.521  INFO 36393 --- [           main] c.n.c.sources.URLConfigurationSource     : To enable URLs as dynamic configuration sources, define System property archaius.configurationSource.additionalUrls or make config.properties available on classpath.
2020-07-06 01:08:25.466  INFO 36393 --- [           main] o.s.s.concurrent.ThreadPoolTaskExecutor  : Initializing ExecutorService 'applicationTaskExecutor'
2020-07-06 01:08:26.221  WARN 36393 --- [           main] ockingLoadBalancerClientRibbonWarnLogger : You already have RibbonLoadBalancerClient on your classpath. It will be used by default. As Spring Cloud Ribbon is in maintenance mode. We recommend switching to BlockingLoadBalancerClient instead. In order to use it, set the value of `spring.cloud.loadbalancer.ribbon.enabled` to `false` or remove spring-cloud-starter-netflix-ribbon from your project.
2020-07-06 01:08:26.385  INFO 36393 --- [           main] o.s.c.n.eureka.InstanceInfoFactory       : Setting initial instance status as: STARTING
2020-07-06 01:08:26.571  INFO 36393 --- [           main] com.netflix.discovery.DiscoveryClient    : Initializing Eureka in region us-east-1
2020-07-06 01:08:27.130  INFO 36393 --- [           main] c.n.d.provider.DiscoveryJerseyProvider   : Using JSON encoding codec LegacyJacksonJson
2020-07-06 01:08:27.130  INFO 36393 --- [           main] c.n.d.provider.DiscoveryJerseyProvider   : Using JSON decoding codec LegacyJacksonJson
2020-07-06 01:08:27.527  INFO 36393 --- [           main] c.n.d.provider.DiscoveryJerseyProvider   : Using XML encoding codec XStreamXml
2020-07-06 01:08:27.527  INFO 36393 --- [           main] c.n.d.provider.DiscoveryJerseyProvider   : Using XML decoding codec XStreamXml
2020-07-06 01:08:28.020  INFO 36393 --- [           main] c.n.d.s.r.aws.ConfigClusterResolver      : Resolving eureka endpoints via configuration
2020-07-06 01:08:28.052  INFO 36393 --- [           main] com.netflix.discovery.DiscoveryClient    : Disable delta property : false
2020-07-06 01:08:28.052  INFO 36393 --- [           main] com.netflix.discovery.DiscoveryClient    : Single vip registry refresh property : null
2020-07-06 01:08:28.052  INFO 36393 --- [           main] com.netflix.discovery.DiscoveryClient    : Force full registry fetch : false
2020-07-06 01:08:28.052  INFO 36393 --- [           main] com.netflix.discovery.DiscoveryClient    : Application is null : false
2020-07-06 01:08:28.053  INFO 36393 --- [           main] com.netflix.discovery.DiscoveryClient    : Registered Applications size is zero : true
2020-07-06 01:08:28.053  INFO 36393 --- [           main] com.netflix.discovery.DiscoveryClient    : Application version is -1: true
2020-07-06 01:08:28.053  INFO 36393 --- [           main] com.netflix.discovery.DiscoveryClient    : Getting all instance registry info from the eureka server
2020-07-06 01:08:28.323  INFO 36393 --- [           main] com.netflix.discovery.DiscoveryClient    : The response status is 200
2020-07-06 01:08:28.327  INFO 36393 --- [           main] com.netflix.discovery.DiscoveryClient    : Starting heartbeat executor: renew interval is: 30
2020-07-06 01:08:28.330  INFO 36393 --- [           main] c.n.discovery.InstanceInfoReplicator     : InstanceInfoReplicator onDemand update allowed rate per min is 4
2020-07-06 01:08:28.334  INFO 36393 --- [           main] com.netflix.discovery.DiscoveryClient    : Discovery Client initialized at timestamp 1593968908333 with initial instances count: 7
2020-07-06 01:08:28.335  INFO 36393 --- [           main] o.s.c.n.e.s.EurekaServiceRegistry        : Registering application USER-PROVIDER with eureka with status UP
2020-07-06 01:08:28.335  INFO 36393 --- [           main] com.netflix.discovery.DiscoveryClient    : Saw local status change event StatusChangeEvent [timestamp=1593968908335, current=UP, previous=STARTING]
2020-07-06 01:08:28.337  INFO 36393 --- [nfoReplicator-0] com.netflix.discovery.DiscoveryClient    : DiscoveryClient_USER-PROVIDER/192.168.31.180:user-provider:8089: registering service...
2020-07-06 01:08:28.370  INFO 36393 --- [nfoReplicator-0] com.netflix.discovery.DiscoveryClient    : DiscoveryClient_USER-PROVIDER/192.168.31.180:user-provider:8089 - registration status: 204
2020-07-06 01:08:28.375  INFO 36393 --- [           main] o.s.b.w.embedded.tomcat.TomcatWebServer  : Tomcat started on port(s): 8089 (http) with context path ''
2020-07-06 01:08:28.376  INFO 36393 --- [           main] .s.c.n.e.s.EurekaAutoServiceRegistration : Updating port to 8089
2020-07-06 01:08:28.390  INFO 36393 --- [           main] c.s.u.provider.UserProviderApplication   : Started UserProviderApplication in 10.263 seconds (JVM running for 11.471)
2020-07-06 01:09:02.154  INFO 36393 --- [nio-8089-exec-1] o.a.c.c.C.[Tomcat].[localhost].[/]       : Initializing Spring DispatcherServlet 'dispatcherServlet'
2020-07-06 01:09:02.157  INFO 36393 --- [nio-8089-exec-1] o.s.web.servlet.DispatcherServlet        : Initializing Servlet 'dispatcherServlet'
2020-07-06 01:09:02.170  INFO 36393 --- [nio-8089-exec-1] o.s.web.servlet.DispatcherServlet        : Completed initialization in 13 ms
2020-07-06 01:13:28.068  INFO 36393 --- [trap-executor-0] c.n.d.s.r.aws.ConfigClusterResolver      : Resolving eureka endpoints via configuration
2020-07-06 01:18:28.093  INFO 36393 --- [trap-executor-0] c.n.d.s.r.aws.ConfigClusterResolver      : Resolving eureka endpoints via configuration
2020-07-06 01:23:28.101  INFO 36393 --- [trap-executor-0] c.n.d.s.r.aws.ConfigClusterResolver      : Resolving eureka endpoints via configuration
2020-07-06 01:28:28.114  INFO 36393 --- [trap-executor-0] c.n.d.s.r.aws.ConfigClusterResolver      : Resolving eureka endpoints via configuration
2020-07-06 01:33:28.126  INFO 36393 --- [trap-executor-0] c.n.d.s.r.aws.ConfigClusterResolver      : Resolving eureka endpoints via configuration
2020-07-06 01:38:28.137  INFO 36393 --- [trap-executor-0] c.n.d.s.r.aws.ConfigClusterResolver      : Resolving eureka endpoints via configuration
2020-07-06 01:43:28.150  INFO 36393 --- [trap-executor-0] c.n.d.s.r.aws.ConfigClusterResolver      : Resolving eureka endpoints via configuration
2020-07-06 01:48:28.164  INFO 36393 --- [trap-executor-0] c.n.d.s.r.aws.ConfigClusterResolver      : Resolving eureka endpoints via configuration
