
  .   ____          _            __ _ _
 /\\ / ___'_ __ _ _(_)_ __  __ _ \ \ \ \
( ( )\___ | '_ | '_| | '_ \/ _` | \ \ \ \
 \\/  ___)| |_)| | | | | || (_| |  ) ) ) )
  '  |____| .__|_| |_|_| |_\__, | / / / /
 =========|_|==============|___/=/_/_/_/
 :: Spring Boot ::        (v2.3.1.RELEASE)

2020-07-06 01:42:04.854  INFO 36721 --- [           main] com.sc.uka.serv.SpringAllApplication     : No active profile set, falling back to default profiles: default
2020-07-06 01:42:06.848  WARN 36721 --- [           main] o.s.boot.actuate.endpoint.EndpointId     : Endpoint ID 'service-registry' contains invalid characters, please migrate to a valid format.
2020-07-06 01:42:07.090  INFO 36721 --- [           main] o.s.cloud.context.scope.GenericScope     : BeanFactory id=44de69be-4438-3bb9-b908-f4c8a27e7391
2020-07-06 01:42:07.713  INFO 36721 --- [           main] o.s.b.w.embedded.tomcat.TomcatWebServer  : Tomcat initialized with port(s): 8082 (http)
2020-07-06 01:42:07.733  INFO 36721 --- [           main] o.apache.catalina.core.StandardService   : Starting service [Tomcat]
2020-07-06 01:42:07.734  INFO 36721 --- [           main] org.apache.catalina.core.StandardEngine  : Starting Servlet engine: [Apache Tomcat/9.0.36]
2020-07-06 01:42:07.841  INFO 36721 --- [           main] o.a.c.c.C.[Tomcat].[localhost].[/]       : Initializing Spring embedded WebApplicationContext
2020-07-06 01:42:07.841  INFO 36721 --- [           main] w.s.c.ServletWebServerApplicationContext : Root WebApplicationContext: initialization completed in 2944 ms
2020-07-06 01:42:08.047  WARN 36721 --- [           main] c.n.c.sources.URLConfigurationSource     : No URLs will be polled as dynamic configuration sources.
2020-07-06 01:42:08.047  INFO 36721 --- [           main] c.n.c.sources.URLConfigurationSource     : To enable URLs as dynamic configuration sources, define System property archaius.configurationSource.additionalUrls or make config.properties available on classpath.
2020-07-06 01:42:08.085  INFO 36721 --- [           main] c.netflix.config.DynamicPropertyFactory  : DynamicPropertyFactory is initialized with configuration sources: com.netflix.config.ConcurrentCompositeConfiguration@1ce61929
2020-07-06 01:42:08.766  INFO 36721 --- [           main] c.s.j.s.i.a.WebApplicationImpl           : Initiating Jersey application, version 'Jersey: 1.19.1 03/11/2016 02:08 PM'
2020-07-06 01:42:08.905  INFO 36721 --- [           main] c.n.d.provider.DiscoveryJerseyProvider   : Using JSON encoding codec LegacyJacksonJson
2020-07-06 01:42:08.908  INFO 36721 --- [           main] c.n.d.provider.DiscoveryJerseyProvider   : Using JSON decoding codec LegacyJacksonJson
2020-07-06 01:42:09.227  INFO 36721 --- [           main] c.n.d.provider.DiscoveryJerseyProvider   : Using XML encoding codec XStreamXml
2020-07-06 01:42:09.227  INFO 36721 --- [           main] c.n.d.provider.DiscoveryJerseyProvider   : Using XML decoding codec XStreamXml
2020-07-06 01:42:10.099  WARN 36721 --- [           main] c.n.c.sources.URLConfigurationSource     : No URLs will be polled as dynamic configuration sources.
2020-07-06 01:42:10.100  INFO 36721 --- [           main] c.n.c.sources.URLConfigurationSource     : To enable URLs as dynamic configuration sources, define System property archaius.configurationSource.additionalUrls or make config.properties available on classpath.
2020-07-06 01:42:10.632  INFO 36721 --- [           main] o.s.s.concurrent.ThreadPoolTaskExecutor  : Initializing ExecutorService 'applicationTaskExecutor'
2020-07-06 01:42:11.313  WARN 36721 --- [           main] ockingLoadBalancerClientRibbonWarnLogger : You already have RibbonLoadBalancerClient on your classpath. It will be used by default. As Spring Cloud Ribbon is in maintenance mode. We recommend switching to BlockingLoadBalancerClient instead. In order to use it, set the value of `spring.cloud.loadbalancer.ribbon.enabled` to `false` or remove spring-cloud-starter-netflix-ribbon from your project.
2020-07-06 01:42:11.384  INFO 36721 --- [           main] o.s.c.n.eureka.InstanceInfoFactory       : Setting initial instance status as: STARTING
2020-07-06 01:42:11.502  INFO 36721 --- [           main] com.netflix.discovery.DiscoveryClient    : Initializing Eureka in region us-east-1
2020-07-06 01:42:11.737  INFO 36721 --- [           main] c.n.d.provider.DiscoveryJerseyProvider   : Using JSON encoding codec LegacyJacksonJson
2020-07-06 01:42:11.737  INFO 36721 --- [           main] c.n.d.provider.DiscoveryJerseyProvider   : Using JSON decoding codec LegacyJacksonJson
2020-07-06 01:42:11.737  INFO 36721 --- [           main] c.n.d.provider.DiscoveryJerseyProvider   : Using XML encoding codec XStreamXml
2020-07-06 01:42:11.737  INFO 36721 --- [           main] c.n.d.provider.DiscoveryJerseyProvider   : Using XML decoding codec XStreamXml
2020-07-06 01:42:11.913  INFO 36721 --- [           main] c.n.d.s.r.aws.ConfigClusterResolver      : Resolving eureka endpoints via configuration
2020-07-06 01:42:11.950  INFO 36721 --- [           main] com.netflix.discovery.DiscoveryClient    : Disable delta property : false
2020-07-06 01:42:11.950  INFO 36721 --- [           main] com.netflix.discovery.DiscoveryClient    : Single vip registry refresh property : null
2020-07-06 01:42:11.950  INFO 36721 --- [           main] com.netflix.discovery.DiscoveryClient    : Force full registry fetch : false
2020-07-06 01:42:11.950  INFO 36721 --- [           main] com.netflix.discovery.DiscoveryClient    : Application is null : false
2020-07-06 01:42:11.950  INFO 36721 --- [           main] com.netflix.discovery.DiscoveryClient    : Registered Applications size is zero : true
2020-07-06 01:42:11.951  INFO 36721 --- [           main] com.netflix.discovery.DiscoveryClient    : Application version is -1: true
2020-07-06 01:42:11.951  INFO 36721 --- [           main] com.netflix.discovery.DiscoveryClient    : Getting all instance registry info from the eureka server
2020-07-06 01:42:12.437  INFO 36721 --- [           main] com.netflix.discovery.DiscoveryClient    : The response status is 200
2020-07-06 01:42:12.444  INFO 36721 --- [           main] com.netflix.discovery.DiscoveryClient    : Starting heartbeat executor: renew interval is: 30
2020-07-06 01:42:12.450  INFO 36721 --- [           main] c.n.discovery.InstanceInfoReplicator     : InstanceInfoReplicator onDemand update allowed rate per min is 4
2020-07-06 01:42:12.456  INFO 36721 --- [           main] com.netflix.discovery.DiscoveryClient    : Discovery Client initialized at timestamp 1593970932455 with initial instances count: 7
2020-07-06 01:42:12.526  INFO 36721 --- [           main] c.n.eureka.DefaultEurekaServerContext    : Initializing ...
2020-07-06 01:42:12.527  INFO 36721 --- [           main] c.n.eureka.cluster.PeerEurekaNodes       : Adding new peer nodes [http://euk1:8083/eureka/, http://euk1:8081/eureka/]
2020-07-06 01:42:12.534  INFO 36721 --- [           main] c.n.d.provider.DiscoveryJerseyProvider   : Using JSON encoding codec LegacyJacksonJson
2020-07-06 01:42:12.534  INFO 36721 --- [           main] c.n.d.provider.DiscoveryJerseyProvider   : Using JSON decoding codec LegacyJacksonJson
2020-07-06 01:42:12.534  INFO 36721 --- [           main] c.n.d.provider.DiscoveryJerseyProvider   : Using XML encoding codec XStreamXml
2020-07-06 01:42:12.534  INFO 36721 --- [           main] c.n.d.provider.DiscoveryJerseyProvider   : Using XML decoding codec XStreamXml
2020-07-06 01:42:12.762  INFO 36721 --- [           main] c.n.d.provider.DiscoveryJerseyProvider   : Using JSON encoding codec LegacyJacksonJson
2020-07-06 01:42:12.762  INFO 36721 --- [           main] c.n.d.provider.DiscoveryJerseyProvider   : Using JSON decoding codec LegacyJacksonJson
2020-07-06 01:42:12.762  INFO 36721 --- [           main] c.n.d.provider.DiscoveryJerseyProvider   : Using XML encoding codec XStreamXml
2020-07-06 01:42:12.762  INFO 36721 --- [           main] c.n.d.provider.DiscoveryJerseyProvider   : Using XML decoding codec XStreamXml
2020-07-06 01:42:12.867  INFO 36721 --- [           main] c.n.eureka.cluster.PeerEurekaNodes       : Replica node URL:  http://euk1:8083/eureka/
2020-07-06 01:42:12.867  INFO 36721 --- [           main] c.n.eureka.cluster.PeerEurekaNodes       : Replica node URL:  http://euk1:8081/eureka/
2020-07-06 01:42:12.883  INFO 36721 --- [           main] c.n.e.registry.AbstractInstanceRegistry  : Finished initializing remote region registries. All known remote regions: []
2020-07-06 01:42:12.885  INFO 36721 --- [           main] c.n.eureka.DefaultEurekaServerContext    : Initialized
2020-07-06 01:42:12.905  INFO 36721 --- [           main] o.s.b.a.e.web.EndpointLinksResolver      : Exposing 2 endpoint(s) beneath base path '/actuator'
2020-07-06 01:42:12.940  INFO 36721 --- [           main] o.s.c.n.e.s.EurekaServiceRegistry        : Registering application EUK with eureka with status UP
2020-07-06 01:42:12.941  INFO 36721 --- [           main] com.netflix.discovery.DiscoveryClient    : Saw local status change event StatusChangeEvent [timestamp=1593970932940, current=UP, previous=STARTING]
2020-07-06 01:42:12.943  INFO 36721 --- [nfoReplicator-0] com.netflix.discovery.DiscoveryClient    : DiscoveryClient_EUK/192.168.31.180:euk:8082: registering service...
2020-07-06 01:42:12.945  INFO 36721 --- [     Thread-383] o.s.c.n.e.server.EurekaServerBootstrap   : Setting the eureka configuration..
2020-07-06 01:42:12.946  INFO 36721 --- [     Thread-383] o.s.c.n.e.server.EurekaServerBootstrap   : Eureka data center value eureka.datacenter is not set, defaulting to default
2020-07-06 01:42:12.949  INFO 36721 --- [     Thread-383] o.s.c.n.e.server.EurekaServerBootstrap   : Eureka environment value eureka.environment is not set, defaulting to test
2020-07-06 01:42:12.970  INFO 36721 --- [     Thread-383] o.s.c.n.e.server.EurekaServerBootstrap   : isAws returned false
2020-07-06 01:42:12.970  INFO 36721 --- [     Thread-383] o.s.c.n.e.server.EurekaServerBootstrap   : Initialized server context
2020-07-06 01:42:12.977  INFO 36721 --- [     Thread-383] c.n.e.registry.AbstractInstanceRegistry  : Registered instance USER-PROVIDER/192.168.31.180:user-provider:8089 with status UP (replication=true)
2020-07-06 01:42:12.978  INFO 36721 --- [     Thread-383] c.n.e.registry.AbstractInstanceRegistry  : Registered instance USER-PROVIDER/192.168.31.180:user-provider:8088 with status UP (replication=true)
2020-07-06 01:42:12.978  INFO 36721 --- [     Thread-383] c.n.e.registry.AbstractInstanceRegistry  : Registered instance USER-PROVIDER/192.168.31.180:user-provider:8087 with status UP (replication=true)
2020-07-06 01:42:12.979  INFO 36721 --- [     Thread-383] c.n.e.registry.AbstractInstanceRegistry  : Registered instance CONSUMER/192.168.31.180:consumer:9000 with status UP (replication=true)
2020-07-06 01:42:12.980  INFO 36721 --- [     Thread-383] c.n.e.registry.AbstractInstanceRegistry  : Registered instance EUK/192.168.31.180:euk:8082 with status UP (replication=true)
2020-07-06 01:42:12.980  INFO 36721 --- [     Thread-383] c.n.e.registry.AbstractInstanceRegistry  : Registered instance EUK/192.168.31.180:euk:8083 with status UP (replication=true)
2020-07-06 01:42:12.981  INFO 36721 --- [     Thread-383] c.n.e.registry.AbstractInstanceRegistry  : Registered instance EUK/192.168.31.180:euk:8081 with status UP (replication=true)
2020-07-06 01:42:12.981  INFO 36721 --- [     Thread-383] c.n.e.r.PeerAwareInstanceRegistryImpl    : Got 7 instances from neighboring DS node
2020-07-06 01:42:12.981  INFO 36721 --- [     Thread-383] c.n.e.r.PeerAwareInstanceRegistryImpl    : Renew threshold is: 11
2020-07-06 01:42:12.981  INFO 36721 --- [     Thread-383] c.n.e.r.PeerAwareInstanceRegistryImpl    : Changing status to UP
2020-07-06 01:42:12.987  INFO 36721 --- [nfoReplicator-0] com.netflix.discovery.DiscoveryClient    : DiscoveryClient_EUK/192.168.31.180:euk:8082 - registration status: 204
2020-07-06 01:42:12.991  INFO 36721 --- [     Thread-383] e.s.EurekaServerInitializerConfiguration : Started Eureka Server
2020-07-06 01:42:12.998  WARN 36721 --- [           main] ConfigServletWebServerApplicationContext : Exception encountered during context initialization - cancelling refresh attempt: org.springframework.context.ApplicationContextException: Failed to start bean 'webServerStartStop'; nested exception is org.springframework.boot.web.server.PortInUseException: Port 8082 is already in use
2020-07-06 01:42:12.999  INFO 36721 --- [           main] c.n.eureka.DefaultEurekaServerContext    : Shutting down ...
2020-07-06 01:42:13.032  INFO 36721 --- [           main] c.n.eureka.DefaultEurekaServerContext    : Shut down
2020-07-06 01:42:13.035  WARN 36721 --- [           main] o.s.b.f.support.DisposableBeanAdapter    : Invocation of destroy method failed on bean with name 'tomcatMetricsBinder': java.lang.NullPointerException
2020-07-06 01:42:13.037  INFO 36721 --- [           main] o.s.s.concurrent.ThreadPoolTaskExecutor  : Shutting down ExecutorService 'applicationTaskExecutor'
2020-07-06 01:42:13.040  INFO 36721 --- [           main] com.netflix.discovery.DiscoveryClient    : Shutting down DiscoveryClient ...
2020-07-06 01:42:16.045  INFO 36721 --- [           main] com.netflix.discovery.DiscoveryClient    : Unregistering ...
2020-07-06 01:42:16.049  INFO 36721 --- [           main] com.netflix.discovery.DiscoveryClient    : DiscoveryClient_EUK/192.168.31.180:euk:8082 - deregister  status: 200
2020-07-06 01:42:16.061  INFO 36721 --- [           main] com.netflix.discovery.DiscoveryClient    : Completed shut down of DiscoveryClient
2020-07-06 01:42:16.063  INFO 36721 --- [           main] o.apache.catalina.core.StandardService   : Stopping service [Tomcat]
2020-07-06 01:42:16.086  INFO 36721 --- [           main] ConditionEvaluationReportLoggingListener : 

Error starting ApplicationContext. To display the conditions report re-run your application with 'debug' enabled.
2020-07-06 01:42:16.090 ERROR 36721 --- [           main] o.s.b.d.LoggingFailureAnalysisReporter   : 

***************************
APPLICATION FAILED TO START
***************************

Description:

Web server failed to start. Port 8082 was already in use.

Action:

Identify and stop the process that's listening on port 8082 or configure this application to listen on another port.

